  stdafx.cpp
  AnimClip_Manager.cpp
E:\포트폴리오 만든거\FireEmblem 7.25 완성 (소리포함)\Client\AnimClip_Manager.cpp(42,31): warning C4018: '<': signed 또는 unsigned가 일치하지 않습니다.
E:\포트폴리오 만든거\FireEmblem 7.25 완성 (소리포함)\Client\AnimClip_Manager.cpp(52,27): warning C4244: '=': 'const DWORD'에서 'float'(으)로 변환하면서 데이터가 손실될 수 있습니다.
E:\포트폴리오 만든거\FireEmblem 7.25 완성 (소리포함)\Client\AnimClip_Manager.cpp(53,25): warning C4244: '=': 'const DWORD'에서 'float'(으)로 변환하면서 데이터가 손실될 수 있습니다.
  AStar_Manager.cpp
E:\포트폴리오 만든거\FireEmblem 7.25 완성 (소리포함)\Client\AStar_Manager.cpp(126,8): warning C4244: '초기화 중': 'float'에서 'int'(으)로 변환하면서 데이터가 손실될 수 있습니다.
E:\포트폴리오 만든거\FireEmblem 7.25 완성 (소리포함)\Client\AStar_Manager.cpp(127,8): warning C4244: '초기화 중': 'float'에서 'int'(으)로 변환하면서 데이터가 손실될 수 있습니다.
  BattleScene.cpp
E:\포트폴리오 만든거\FireEmblem 7.25 완성 (소리포함)\Client\BattleScene.cpp(152,41): warning C4244: '=': 'UINT'에서 'float'(으)로 변환하면서 데이터가 손실될 수 있습니다.
E:\포트폴리오 만든거\FireEmblem 7.25 완성 (소리포함)\Client\BattleScene.cpp(153,42): warning C4244: '=': 'UINT'에서 'float'(으)로 변환하면서 데이터가 손실될 수 있습니다.
E:\포트폴리오 만든거\FireEmblem 7.25 완성 (소리포함)\Client\BattleScene.cpp(167,45): warning C4244: '=': 'UINT'에서 'float'(으)로 변환하면서 데이터가 손실될 수 있습니다.
E:\포트폴리오 만든거\FireEmblem 7.25 완성 (소리포함)\Client\BattleScene.cpp(168,46): warning C4244: '=': 'UINT'에서 'float'(으)로 변환하면서 데이터가 손실될 수 있습니다.
E:\포트폴리오 만든거\FireEmblem 7.25 완성 (소리포함)\Client\BattleScene.cpp(182,19): warning C4244: '초기화 중': 'UINT'에서 'float'(으)로 변환하면서 데이터가 손실될 수 있습니다.
E:\포트폴리오 만든거\FireEmblem 7.25 완성 (소리포함)\Client\BattleScene.cpp(183,19): warning C4244: '초기화 중': 'UINT'에서 'float'(으)로 변환하면서 데이터가 손실될 수 있습니다.
E:\포트폴리오 만든거\FireEmblem 7.25 완성 (소리포함)\Client\BattleScene.cpp(200,46): warning C4244: '=': 'UINT'에서 'float'(으)로 변환하면서 데이터가 손실될 수 있습니다.
E:\포트폴리오 만든거\FireEmblem 7.25 완성 (소리포함)\Client\BattleScene.cpp(201,47): warning C4244: '=': 'UINT'에서 'float'(으)로 변환하면서 데이터가 손실될 수 있습니다.
E:\포트폴리오 만든거\FireEmblem 7.25 완성 (소리포함)\Client\BattleScene.cpp(223,45): warning C4244: '=': 'UINT'에서 'float'(으)로 변환하면서 데이터가 손실될 수 있습니다.
E:\포트폴리오 만든거\FireEmblem 7.25 완성 (소리포함)\Client\BattleScene.cpp(224,46): warning C4244: '=': 'UINT'에서 'float'(으)로 변환하면서 데이터가 손실될 수 있습니다.
  Client.cpp
E:\포트폴리오 만든거\FireEmblem 7.25 완성 (소리포함)\Client\Client.cpp(147,6): warning C4101: 'hdc' :참조되지 않은 지역 변수입니다.
E:\포트폴리오 만든거\FireEmblem 7.25 완성 (소리포함)\Client\Client.cpp(146,14): warning C4101: 'ps' :참조되지 않은 지역 변수입니다.
E:\포트폴리오 만든거\FireEmblem 7.25 완성 (소리포함)\Client\Client.cpp(145,12): warning C4101: 'wmEvent' :참조되지 않은 지역 변수입니다.
E:\포트폴리오 만든거\FireEmblem 7.25 완성 (소리포함)\Client\Client.cpp(145,6): warning C4101: 'wmId' :참조되지 않은 지역 변수입니다.
E:\포트폴리오 만든거\FireEmblem 7.25 완성 (소리포함)\Client\Client.cpp(225,3): warning C4060: switch문에 'case' 또는 'default' 레이블이 없습니다.
  Collider.cpp
  Collision_Manager.cpp
  Dialog_Manager.cpp
E:\포트폴리오 만든거\FireEmblem 7.25 완성 (소리포함)\Client\Dialog_Manager.cpp(89,51): warning C4018: '<': signed 또는 unsigned가 일치하지 않습니다.
E:\포트폴리오 만든거\FireEmblem 7.25 완성 (소리포함)\Client\Dialog_Manager.cpp(124,43): warning C4244: '=': 'UINT'에서 'float'(으)로 변환하면서 데이터가 손실될 수 있습니다.
E:\포트폴리오 만든거\FireEmblem 7.25 완성 (소리포함)\Client\Dialog_Manager.cpp(125,44): warning C4244: '=': 'UINT'에서 'float'(으)로 변환하면서 데이터가 손실될 수 있습니다.
E:\포트폴리오 만든거\FireEmblem 7.25 완성 (소리포함)\Client\Dialog_Manager.cpp(134,41): warning C4244: '=': 'UINT'에서 'float'(으)로 변환하면서 데이터가 손실될 수 있습니다.
E:\포트폴리오 만든거\FireEmblem 7.25 완성 (소리포함)\Client\Dialog_Manager.cpp(135,42): warning C4244: '=': 'UINT'에서 'float'(으)로 변환하면서 데이터가 손실될 수 있습니다.
E:\포트폴리오 만든거\FireEmblem 7.25 완성 (소리포함)\Client\Dialog_Manager.cpp(178,50): warning C4018: '<': signed 또는 unsigned가 일치하지 않습니다.
  Effect.cpp
E:\포트폴리오 만든거\FireEmblem 7.25 완성 (소리포함)\Client\Effect.cpp(40,42): warning C4244: '=': 'UINT'에서 'float'(으)로 변환하면서 데이터가 손실될 수 있습니다.
E:\포트폴리오 만든거\FireEmblem 7.25 완성 (소리포함)\Client\Effect.cpp(41,43): warning C4244: '=': 'UINT'에서 'float'(으)로 변환하면서 데이터가 손실될 수 있습니다.
E:\포트폴리오 만든거\FireEmblem 7.25 완성 (소리포함)\Client\Effect.cpp(48,61): warning C4244: '-=': 'float'에서 'int'(으)로 변환하면서 데이터가 손실될 수 있습니다.
  EffectFlash.cpp
E:\포트폴리오 만든거\FireEmblem 7.25 완성 (소리포함)\Client\EffectFlash.cpp(40,42): warning C4244: '=': 'UINT'에서 'float'(으)로 변환하면서 데이터가 손실될 수 있습니다.
E:\포트폴리오 만든거\FireEmblem 7.25 완성 (소리포함)\Client\EffectFlash.cpp(41,43): warning C4244: '=': 'UINT'에서 'float'(으)로 변환하면서 데이터가 손실될 수 있습니다.
E:\포트폴리오 만든거\FireEmblem 7.25 완성 (소리포함)\Client\EffectFlash.cpp(47,81): warning C4244: '-=': 'float'에서 'int'(으)로 변환하면서 데이터가 손실될 수 있습니다.
  Effect_Digit.cpp
E:\포트폴리오 만든거\FireEmblem 7.25 완성 (소리포함)\Client\Effect_Digit.cpp(36,63): warning C4244: '-=': 'float'에서 'int'(으)로 변환하면서 데이터가 손실될 수 있습니다.
E:\포트폴리오 만든거\FireEmblem 7.25 완성 (소리포함)\Client\Effect_Digit.cpp(68,54): warning C4244: '=': 'UINT'에서 'float'(으)로 변환하면서 데이터가 손실될 수 있습니다.
E:\포트폴리오 만든거\FireEmblem 7.25 완성 (소리포함)\Client\Effect_Digit.cpp(69,55): warning C4244: '=': 'UINT'에서 'float'(으)로 변환하면서 데이터가 손실될 수 있습니다.
  Effect_Manager.cpp
E:\포트폴리오 만든거\FireEmblem 7.25 완성 (소리포함)\Client\Effect_Manager.cpp(32,42): warning C4244: '=': 'UINT'에서 'float'(으)로 변환하면서 데이터가 손실될 수 있습니다.
E:\포트폴리오 만든거\FireEmblem 7.25 완성 (소리포함)\Client\Effect_Manager.cpp(33,43): warning C4244: '=': 'UINT'에서 'float'(으)로 변환하면서 데이터가 손실될 수 있습니다.
E:\포트폴리오 만든거\FireEmblem 7.25 완성 (소리포함)\Client\Effect_Manager.cpp(39,81): warning C4244: '-=': 'float'에서 'int'(으)로 변환하면서 데이터가 손실될 수 있습니다.
  Enemy.cpp
E:\포트폴리오 만든거\FireEmblem 7.25 완성 (소리포함)\Client\Enemy.cpp(118,17): warning C4244: '초기화 중': 'UINT'에서 'float'(으)로 변환하면서 데이터가 손실될 수 있습니다.
E:\포트폴리오 만든거\FireEmblem 7.25 완성 (소리포함)\Client\Enemy.cpp(119,17): warning C4244: '초기화 중': 'UINT'에서 'float'(으)로 변환하면서 데이터가 손실될 수 있습니다.
  EnvObject.cpp
  Frame_Manager.cpp
  GameObject.cpp
E:\포트폴리오 만든거\FireEmblem 7.25 완성 (소리포함)\Client\GameObject.cpp(30,13): warning C4244: '초기화 중': 'unsigned long'에서 'float'(으)로 변환하면서 데이터가 손실될 수 있습니다.
E:\포트폴리오 만든거\FireEmblem 7.25 완성 (소리포함)\Client\GameObject.cpp(31,13): warning C4244: '초기화 중': 'unsigned long'에서 'float'(으)로 변환하면서 데이터가 손실될 수 있습니다.
  GameObject_Manager.cpp
  Combat_Manager.cpp
  Game_Manager.cpp
  Graphic_Device.cpp
  Item.cpp
  코드를 생성하고 있습니다...
E:\포트폴리오 만든거\FireEmblem 7.25 완성 (소리포함)\Client\Combat_Manager.cpp(323): warning C4715: 'CCombat_Manager::Update_Combat_Manager': 모든 제어 경로에서 값을 반환하지는 않습니다.
E:\포트폴리오 만든거\FireEmblem 7.25 완성 (소리포함)\Client\Dialog_Manager.cpp(109): warning C4715: 'CDialog_Manager::Update_Dialog_Manager': 모든 제어 경로에서 값을 반환하지는 않습니다.
  컴파일하고 있습니다...
  Key_Manager.cpp
  MainApp.cpp
E:\포트폴리오 만든거\FireEmblem 7.25 완성 (소리포함)\Client\MainApp.cpp(47,105): warning C4474: 'swprintf_s' : 서식 문자열에 전달된 인수가 너무 많습니다.
E:\포트폴리오 만든거\FireEmblem 7.25 완성 (소리포함)\Client\MainApp.cpp(47,105): message : 자리 표시자 및 해당 매개 변수에는 variadic 인수가 2개 필요하지만 3개가 제공되었습니다.
  Multi_Texture.cpp
E:\포트폴리오 만든거\FireEmblem 7.25 완성 (소리포함)\Client\Multi_Texture.cpp(24,22): warning C4018: '<': signed 또는 unsigned가 일치하지 않습니다.
  MyButton.cpp
E:\포트폴리오 만든거\FireEmblem 7.25 완성 (소리포함)\Client\MyButton.cpp(38,19): warning C4244: '-=': 'float'에서 'LONG'(으)로 변환하면서 데이터가 손실될 수 있습니다.
E:\포트폴리오 만든거\FireEmblem 7.25 완성 (소리포함)\Client\MyButton.cpp(39,19): warning C4244: '-=': 'float'에서 'LONG'(으)로 변환하면서 데이터가 손실될 수 있습니다.
E:\포트폴리오 만든거\FireEmblem 7.25 완성 (소리포함)\Client\MyButton.cpp(126,73): warning C4244: '=': 'float'에서 'LONG'(으)로 변환하면서 데이터가 손실될 수 있습니다.
E:\포트폴리오 만든거\FireEmblem 7.25 완성 (소리포함)\Client\MyButton.cpp(127,85): warning C4244: '=': 'float'에서 'LONG'(으)로 변환하면서 데이터가 손실될 수 있습니다.
E:\포트폴리오 만든거\FireEmblem 7.25 완성 (소리포함)\Client\MyButton.cpp(128,87): warning C4244: '=': 'float'에서 'LONG'(으)로 변환하면서 데이터가 손실될 수 있습니다.
E:\포트폴리오 만든거\FireEmblem 7.25 완성 (소리포함)\Client\MyButton.cpp(129,89): warning C4244: '=': 'float'에서 'LONG'(으)로 변환하면서 데이터가 손실될 수 있습니다.
  DialogScene.cpp
E:\포트폴리오 만든거\FireEmblem 7.25 완성 (소리포함)\Client\DialogScene.cpp(52,47): warning C4244: '=': 'UINT'에서 'float'(으)로 변환하면서 데이터가 손실될 수 있습니다.
E:\포트폴리오 만든거\FireEmblem 7.25 완성 (소리포함)\Client\DialogScene.cpp(53,48): warning C4244: '=': 'UINT'에서 'float'(으)로 변환하면서 데이터가 손실될 수 있습니다.
  Player.cpp
E:\포트폴리오 만든거\FireEmblem 7.25 완성 (소리포함)\Client\Player.cpp(120,17): warning C4244: '초기화 중': 'UINT'에서 'float'(으)로 변환하면서 데이터가 손실될 수 있습니다.
E:\포트폴리오 만든거\FireEmblem 7.25 완성 (소리포함)\Client\Player.cpp(121,17): warning C4244: '초기화 중': 'UINT'에서 'float'(으)로 변환하면서 데이터가 손실될 수 있습니다.
  Scene.cpp
  Scene_Manager.cpp
  Scroll_Manager.cpp
E:\포트폴리오 만든거\FireEmblem 7.25 완성 (소리포함)\Client\Scroll_Manager.cpp(129,13): warning C4244: '초기화 중': 'unsigned long'에서 'float'(으)로 변환하면서 데이터가 손실될 수 있습니다.
E:\포트폴리오 만든거\FireEmblem 7.25 완성 (소리포함)\Client\Scroll_Manager.cpp(130,13): warning C4244: '초기화 중': 'unsigned long'에서 'float'(으)로 변환하면서 데이터가 손실될 수 있습니다.
  ShopScene.cpp
E:\포트폴리오 만든거\FireEmblem 7.25 완성 (소리포함)\Client\ShopScene.cpp(163,18): warning C4244: '초기화 중': 'int'에서 'float'(으)로 변환하면서 데이터가 손실될 수 있습니다.
E:\포트폴리오 만든거\FireEmblem 7.25 완성 (소리포함)\Client\ShopScene.cpp(217,17): warning C4244: '초기화 중': 'int'에서 'float'(으)로 변환하면서 데이터가 손실될 수 있습니다.
  Single_Texture.cpp
  SoundMgr.cpp
  Spawn_Manager.cpp
E:\포트폴리오 만든거\FireEmblem 7.25 완성 (소리포함)\Client\Spawn_Manager.cpp(301,13): warning C4244: '초기화 중': 'unsigned long'에서 'float'(으)로 변환하면서 데이터가 손실될 수 있습니다.
E:\포트폴리오 만든거\FireEmblem 7.25 완성 (소리포함)\Client\Spawn_Manager.cpp(302,13): warning C4244: '초기화 중': 'unsigned long'에서 'float'(으)로 변환하면서 데이터가 손실될 수 있습니다.
  Stage.cpp
  StageB.cpp
  StageC.cpp
  Terrain.cpp
E:\포트폴리오 만든거\FireEmblem 7.25 완성 (소리포함)\Client\Terrain.cpp(18,8): warning C4244: '초기화 중': 'float'에서 'int'(으)로 변환하면서 데이터가 손실될 수 있습니다.
E:\포트폴리오 만든거\FireEmblem 7.25 완성 (소리포함)\Client\Terrain.cpp(19,8): warning C4244: '초기화 중': 'float'에서 'int'(으)로 변환하면서 데이터가 손실될 수 있습니다.
  Texture.cpp
  Texture_Manager.cpp
  Time_Manager.cpp
  코드를 생성하고 있습니다...
E:\포트폴리오 만든거\FireEmblem 7.25 완성 (소리포함)\Client\Spawn_Manager.cpp(241): warning C4715: 'CSpawn_Manager::Update_Spwan_Manager': 모든 제어 경로에서 값을 반환하지는 않습니다.
  컴파일하고 있습니다...
  Title.cpp
E:\포트폴리오 만든거\FireEmblem 7.25 완성 (소리포함)\Client\Title.cpp(26,105): warning C4244: '인수': 'float'에서 'const DWORD'(으)로 변환하면서 데이터가 손실될 수 있습니다.
E:\포트폴리오 만든거\FireEmblem 7.25 완성 (소리포함)\Client\Title.cpp(30,17): warning C4244: '초기화 중': 'UINT'에서 'float'(으)로 변환하면서 데이터가 손실될 수 있습니다.
E:\포트폴리오 만든거\FireEmblem 7.25 완성 (소리포함)\Client\Title.cpp(31,17): warning C4244: '초기화 중': 'UINT'에서 'float'(으)로 변환하면서 데이터가 손실될 수 있습니다.
  UI_Inventory.cpp
E:\포트폴리오 만든거\FireEmblem 7.25 완성 (소리포함)\Client\UI_Inventory.cpp(28,19): warning C4244: '-=': 'float'에서 'LONG'(으)로 변환하면서 데이터가 손실될 수 있습니다.
E:\포트폴리오 만든거\FireEmblem 7.25 완성 (소리포함)\Client\UI_Inventory.cpp(29,19): warning C4244: '-=': 'float'에서 'LONG'(으)로 변환하면서 데이터가 손실될 수 있습니다.
E:\포트폴리오 만든거\FireEmblem 7.25 완성 (소리포함)\Client\UI_Inventory.cpp(107,18): warning C4244: '초기화 중': 'int'에서 'float'(으)로 변환하면서 데이터가 손실될 수 있습니다.
E:\포트폴리오 만든거\FireEmblem 7.25 완성 (소리포함)\Client\UI_Inventory.cpp(144,17): warning C4244: '초기화 중': 'int'에서 'float'(으)로 변환하면서 데이터가 손실될 수 있습니다.
E:\포트폴리오 만든거\FireEmblem 7.25 완성 (소리포함)\Client\UI_Inventory.cpp(146,45): warning C4244: '=': 'float'에서 'LONG'(으)로 변환하면서 데이터가 손실될 수 있습니다.
E:\포트폴리오 만든거\FireEmblem 7.25 완성 (소리포함)\Client\UI_Inventory.cpp(147,67): warning C4244: '=': 'float'에서 'LONG'(으)로 변환하면서 데이터가 손실될 수 있습니다.
E:\포트폴리오 만든거\FireEmblem 7.25 완성 (소리포함)\Client\UI_Inventory.cpp(148,64): warning C4244: '=': 'float'에서 'LONG'(으)로 변환하면서 데이터가 손실될 수 있습니다.
E:\포트폴리오 만든거\FireEmblem 7.25 완성 (소리포함)\Client\UI_Inventory.cpp(149,76): warning C4244: '=': 'float'에서 'LONG'(으)로 변환하면서 데이터가 손실될 수 있습니다.
E:\포트폴리오 만든거\FireEmblem 7.25 완성 (소리포함)\Client\UI_Inventory.cpp(210,26): warning C4018: '<': signed 또는 unsigned가 일치하지 않습니다.
  UI_Manager.cpp
E:\포트폴리오 만든거\FireEmblem 7.25 완성 (소리포함)\Client\UI_Manager.cpp(54,81): warning C4244: '-=': 'float'에서 'int'(으)로 변환하면서 데이터가 손실될 수 있습니다.
  UI_Object.cpp
  UI_Observer.cpp
  UI_Status.cpp
  UI_Subject.cpp
  UI_UnitMenu.cpp
E:\포트폴리오 만든거\FireEmblem 7.25 완성 (소리포함)\Client\UI_UnitMenu.cpp(42,19): warning C4244: '-=': 'float'에서 'LONG'(으)로 변환하면서 데이터가 손실될 수 있습니다.
E:\포트폴리오 만든거\FireEmblem 7.25 완성 (소리포함)\Client\UI_UnitMenu.cpp(43,19): warning C4244: '-=': 'float'에서 'LONG'(으)로 변환하면서 데이터가 손실될 수 있습니다.
E:\포트폴리오 만든거\FireEmblem 7.25 완성 (소리포함)\Client\UI_UnitMenu.cpp(131,22): warning C4244: '초기화 중': 'double'에서 'float'(으)로 변환하면서 데이터가 손실될 수 있습니다.
E:\포트폴리오 만든거\FireEmblem 7.25 완성 (소리포함)\Client\UI_UnitMenu.cpp(137,17): warning C4244: '초기화 중': 'int'에서 'float'(으)로 변환하면서 데이터가 손실될 수 있습니다.
E:\포트폴리오 만든거\FireEmblem 7.25 완성 (소리포함)\Client\UI_UnitMenu.cpp(139,40): warning C4244: '=': 'float'에서 'LONG'(으)로 변환하면서 데이터가 손실될 수 있습니다.
E:\포트폴리오 만든거\FireEmblem 7.25 완성 (소리포함)\Client\UI_UnitMenu.cpp(140,62): warning C4244: '=': 'float'에서 'LONG'(으)로 변환하면서 데이터가 손실될 수 있습니다.
E:\포트폴리오 만든거\FireEmblem 7.25 완성 (소리포함)\Client\UI_UnitMenu.cpp(141,59): warning C4244: '=': 'float'에서 'LONG'(으)로 변환하면서 데이터가 손실될 수 있습니다.
E:\포트폴리오 만든거\FireEmblem 7.25 완성 (소리포함)\Client\UI_UnitMenu.cpp(142,71): warning C4244: '=': 'float'에서 'LONG'(으)로 변환하면서 데이터가 손실될 수 있습니다.
  코드를 생성하고 있습니다...
  Client.vcxproj -> E:\포트폴리오 만든거\FireEmblem 7.25 완성 (소리포함)\Debug\Client.exe
