e:\포트폴리오 만든거\fireemblem 7.25 완성 (소리포함)\client\debug\client.pch
e:\포트폴리오 만든거\fireemblem 7.25 완성 (소리포함)\client\debug\vc142.pdb
e:\포트폴리오 만든거\fireemblem 7.25 완성 (소리포함)\client\debug\vc142.idb
e:\포트폴리오 만든거\fireemblem 7.25 완성 (소리포함)\client\debug\stdafx.obj
e:\포트폴리오 만든거\fireemblem 7.25 완성 (소리포함)\client\debug\item.obj
e:\포트폴리오 만든거\fireemblem 7.25 완성 (소리포함)\client\debug\graphic_device.obj
e:\포트폴리오 만든거\fireemblem 7.25 완성 (소리포함)\client\debug\game_manager.obj
e:\포트폴리오 만든거\fireemblem 7.25 완성 (소리포함)\client\debug\combat_manager.obj
e:\포트폴리오 만든거\fireemblem 7.25 완성 (소리포함)\client\debug\gameobject_manager.obj
e:\포트폴리오 만든거\fireemblem 7.25 완성 (소리포함)\client\debug\gameobject.obj
e:\포트폴리오 만든거\fireemblem 7.25 완성 (소리포함)\client\debug\frame_manager.obj
e:\포트폴리오 만든거\fireemblem 7.25 완성 (소리포함)\client\debug\envobject.obj
e:\포트폴리오 만든거\fireemblem 7.25 완성 (소리포함)\client\debug\enemy.obj
e:\포트폴리오 만든거\fireemblem 7.25 완성 (소리포함)\client\debug\effect_manager.obj
e:\포트폴리오 만든거\fireemblem 7.25 완성 (소리포함)\client\debug\effect_digit.obj
e:\포트폴리오 만든거\fireemblem 7.25 완성 (소리포함)\client\debug\effectflash.obj
e:\포트폴리오 만든거\fireemblem 7.25 완성 (소리포함)\client\debug\effect.obj
e:\포트폴리오 만든거\fireemblem 7.25 완성 (소리포함)\client\debug\dialog_manager.obj
e:\포트폴리오 만든거\fireemblem 7.25 완성 (소리포함)\client\debug\collision_manager.obj
e:\포트폴리오 만든거\fireemblem 7.25 완성 (소리포함)\client\debug\collider.obj
e:\포트폴리오 만든거\fireemblem 7.25 완성 (소리포함)\client\debug\client.obj
e:\포트폴리오 만든거\fireemblem 7.25 완성 (소리포함)\client\debug\battlescene.obj
e:\포트폴리오 만든거\fireemblem 7.25 완성 (소리포함)\client\debug\astar_manager.obj
e:\포트폴리오 만든거\fireemblem 7.25 완성 (소리포함)\client\debug\animclip_manager.obj
e:\포트폴리오 만든거\fireemblem 7.25 완성 (소리포함)\client\debug\time_manager.obj
e:\포트폴리오 만든거\fireemblem 7.25 완성 (소리포함)\client\debug\texture_manager.obj
e:\포트폴리오 만든거\fireemblem 7.25 완성 (소리포함)\client\debug\texture.obj
e:\포트폴리오 만든거\fireemblem 7.25 완성 (소리포함)\client\debug\terrain.obj
e:\포트폴리오 만든거\fireemblem 7.25 완성 (소리포함)\client\debug\stagec.obj
e:\포트폴리오 만든거\fireemblem 7.25 완성 (소리포함)\client\debug\stageb.obj
e:\포트폴리오 만든거\fireemblem 7.25 완성 (소리포함)\client\debug\stage.obj
e:\포트폴리오 만든거\fireemblem 7.25 완성 (소리포함)\client\debug\spawn_manager.obj
e:\포트폴리오 만든거\fireemblem 7.25 완성 (소리포함)\client\debug\soundmgr.obj
e:\포트폴리오 만든거\fireemblem 7.25 완성 (소리포함)\client\debug\single_texture.obj
e:\포트폴리오 만든거\fireemblem 7.25 완성 (소리포함)\client\debug\shopscene.obj
e:\포트폴리오 만든거\fireemblem 7.25 완성 (소리포함)\client\debug\scroll_manager.obj
e:\포트폴리오 만든거\fireemblem 7.25 완성 (소리포함)\client\debug\scene_manager.obj
e:\포트폴리오 만든거\fireemblem 7.25 완성 (소리포함)\client\debug\scene.obj
e:\포트폴리오 만든거\fireemblem 7.25 완성 (소리포함)\client\debug\player.obj
e:\포트폴리오 만든거\fireemblem 7.25 완성 (소리포함)\client\debug\dialogscene.obj
e:\포트폴리오 만든거\fireemblem 7.25 완성 (소리포함)\client\debug\mybutton.obj
e:\포트폴리오 만든거\fireemblem 7.25 완성 (소리포함)\client\debug\multi_texture.obj
e:\포트폴리오 만든거\fireemblem 7.25 완성 (소리포함)\client\debug\mainapp.obj
e:\포트폴리오 만든거\fireemblem 7.25 완성 (소리포함)\client\debug\key_manager.obj
e:\포트폴리오 만든거\fireemblem 7.25 완성 (소리포함)\client\debug\ui_unitmenu.obj
e:\포트폴리오 만든거\fireemblem 7.25 완성 (소리포함)\client\debug\ui_subject.obj
e:\포트폴리오 만든거\fireemblem 7.25 완성 (소리포함)\client\debug\ui_status.obj
e:\포트폴리오 만든거\fireemblem 7.25 완성 (소리포함)\client\debug\ui_observer.obj
e:\포트폴리오 만든거\fireemblem 7.25 완성 (소리포함)\client\debug\ui_object.obj
e:\포트폴리오 만든거\fireemblem 7.25 완성 (소리포함)\client\debug\ui_manager.obj
e:\포트폴리오 만든거\fireemblem 7.25 완성 (소리포함)\client\debug\ui_inventory.obj
e:\포트폴리오 만든거\fireemblem 7.25 완성 (소리포함)\client\debug\title.obj
e:\포트폴리오 만든거\fireemblem 7.25 완성 (소리포함)\debug\client.exe
e:\포트폴리오 만든거\fireemblem 7.25 완성 (소리포함)\debug\client.ilk
e:\포트폴리오 만든거\fireemblem 7.25 완성 (소리포함)\debug\client.pdb
e:\포트폴리오 만든거\fireemblem 7.25 완성 (소리포함)\client\debug\client.res
e:\포트폴리오 만든거\fireemblem 7.25 완성 (소리포함)\client\debug\animclip.obj
e:\포트폴리오 만든거\fireemblem 7.25 완성 (소리포함)\client\debug\emeny.obj
e:\포트폴리오 만든거\fireemblem 7.25 완성 (소리포함)\client\debug\dialogscene.obj.enc
e:\포트폴리오 만든거\fireemblem 7.25 완성 (소리포함)\client\debug\spawn_manager.obj.enc
e:\포트폴리오 만든거\fireemblem 7.25 완성 (소리포함)\client\debug\client.ilk
e:\포트폴리오 만든거\fireemblem 7.25 완성 (소리포함)\client\debug\client.tlog\cl.command.1.tlog
e:\포트폴리오 만든거\fireemblem 7.25 완성 (소리포함)\client\debug\client.tlog\cl.read.1.tlog
e:\포트폴리오 만든거\fireemblem 7.25 완성 (소리포함)\client\debug\client.tlog\cl.write.1.tlog
e:\포트폴리오 만든거\fireemblem 7.25 완성 (소리포함)\client\debug\client.tlog\link.command.1.tlog
e:\포트폴리오 만든거\fireemblem 7.25 완성 (소리포함)\client\debug\client.tlog\link.delete.1.tlog
e:\포트폴리오 만든거\fireemblem 7.25 완성 (소리포함)\client\debug\client.tlog\link.read.1.tlog
e:\포트폴리오 만든거\fireemblem 7.25 완성 (소리포함)\client\debug\client.tlog\link.write.1.tlog
e:\포트폴리오 만든거\fireemblem 7.25 완성 (소리포함)\client\debug\client.tlog\rc.command.1.tlog
e:\포트폴리오 만든거\fireemblem 7.25 완성 (소리포함)\client\debug\client.tlog\rc.read.1.tlog
e:\포트폴리오 만든거\fireemblem 7.25 완성 (소리포함)\client\debug\client.tlog\rc.write.1.tlog
